<?xml version="1.0" encoding="UTF-8"?>
<testng-results skipped="0" failed="0" ignored="0" total="1" passed="1">
  <reporter-output>
  </reporter-output>
  <suite name="Suite" duration-ms="54977" started-at="2019-09-10T16:35:39 IST" finished-at="2019-09-10T16:36:34 IST">
    <groups>
    </groups>
    <test name="Test" duration-ms="54977" started-at="2019-09-10T16:35:39 IST" finished-at="2019-09-10T16:36:34 IST">
      <class name="practise.AppiumFramework.ecommerce_TC_2">
        <test-method status="PASS" signature="ProductPresentValidation()[pri:0, instance:practise.AppiumFramework.ecommerce_TC_2@7d70d1b1]" name="ProductPresentValidation" duration-ms="54932" started-at="2019-09-10T16:35:39 IST" finished-at="2019-09-10T16:36:34 IST">
          <reporter-output>
          </reporter-output>
        </test-method> <!-- ProductPresentValidation -->
      </class> <!-- practise.AppiumFramework.ecommerce_TC_2 -->
    </test> <!-- Test -->
  </suite> <!-- Suite -->
</testng-results>
